{"C:\\Users\\PICHAU\\Documents\\Projetos\\Wellington\\flugo-employees\\src\\features\\staff\\validation.ts": {"path":"C:\\Users\\PICHAU\\Documents\\Projetos\\Wellington\\flugo-employees\\src\\features\\staff\\validation.ts","statementMap":{"0":{"start":{"line":3,"column":27},"end":{"line":8,"column":null}},"1":{"start":{"line":10,"column":27},"end":{"line":22,"column":null}}},"fnMap":{},"branchMap":{},"s":{"0":1,"1":1},"f":{},"b":{},"meta":{"lastBranch":0,"lastFunction":0,"lastStatement":2,"seen":{"s:3:27:8:Infinity":0,"s:10:27:22:Infinity":1}}}
,"C:\\Users\\PICHAU\\Documents\\Projetos\\Wellington\\flugo-employees\\src\\helpers\\table-sorting.ts": {"path":"C:\\Users\\PICHAU\\Documents\\Projetos\\Wellington\\flugo-employees\\src\\helpers\\table-sorting.ts","statementMap":{"0":{"start":{"line":6,"column":2},"end":{"line":12,"column":null}},"1":{"start":{"line":7,"column":17},"end":{"line":7,"column":null}},"2":{"start":{"line":8,"column":17},"end":{"line":8,"column":null}},"3":{"start":{"line":9,"column":4},"end":{"line":9,"column":null}},"4":{"start":{"line":9,"column":21},"end":{"line":9,"column":null}},"5":{"start":{"line":10,"column":4},"end":{"line":10,"column":null}},"6":{"start":{"line":10,"column":21},"end":{"line":10,"column":null}},"7":{"start":{"line":11,"column":4},"end":{"line":11,"column":null}}},"fnMap":{"0":{"name":"getComparator","decl":{"start":{"line":5,"column":16},"end":{"line":5,"column":30}},"loc":{"start":{"line":5,"column":66},"end":{"line":13,"column":null}},"line":5},"1":{"name":"(anonymous_1)","decl":{"start":{"line":6,"column":9},"end":{"line":6,"column":10}},"loc":{"start":{"line":6,"column":33},"end":{"line":12,"column":null}},"line":6}},"branchMap":{"0":{"loc":{"start":{"line":7,"column":17},"end":{"line":7,"column":null}},"type":"binary-expr","locations":[{"start":{"line":7,"column":17},"end":{"line":7,"column":31}},{"start":{"line":7,"column":31},"end":{"line":7,"column":null}}],"line":7},"1":{"loc":{"start":{"line":8,"column":17},"end":{"line":8,"column":null}},"type":"binary-expr","locations":[{"start":{"line":8,"column":17},"end":{"line":8,"column":31}},{"start":{"line":8,"column":31},"end":{"line":8,"column":null}}],"line":8},"2":{"loc":{"start":{"line":9,"column":4},"end":{"line":9,"column":null}},"type":"if","locations":[{"start":{"line":9,"column":4},"end":{"line":9,"column":null}},{"start":{},"end":{}}],"line":9},"3":{"loc":{"start":{"line":9,"column":28},"end":{"line":9,"column":null}},"type":"cond-expr","locations":[{"start":{"line":9,"column":47},"end":{"line":9,"column":52}},{"start":{"line":9,"column":52},"end":{"line":9,"column":null}}],"line":9},"4":{"loc":{"start":{"line":10,"column":4},"end":{"line":10,"column":null}},"type":"if","locations":[{"start":{"line":10,"column":4},"end":{"line":10,"column":null}},{"start":{},"end":{}}],"line":10},"5":{"loc":{"start":{"line":10,"column":28},"end":{"line":10,"column":null}},"type":"cond-expr","locations":[{"start":{"line":10,"column":47},"end":{"line":10,"column":51}},{"start":{"line":10,"column":51},"end":{"line":10,"column":null}}],"line":10}},"s":{"0":5,"1":7,"2":7,"3":7,"4":3,"5":4,"6":4,"7":2},"f":{"0":5,"1":7},"b":{"0":[7,1],"1":[7,1],"2":[3,4],"3":[1,2],"4":[2,2],"5":[1,1]},"meta":{"lastBranch":6,"lastFunction":2,"lastStatement":8,"seen":{"f:5:16:5:30":0,"s:6:2:12:Infinity":0,"f:6:9:6:10":1,"s:7:17:7:Infinity":1,"b:7:17:7:31:7:31:7:Infinity":0,"s:8:17:8:Infinity":2,"b:8:17:8:31:8:31:8:Infinity":1,"b:9:4:9:Infinity:undefined:undefined:undefined:undefined":2,"s:9:4:9:Infinity":3,"s:9:21:9:Infinity":4,"b:9:47:9:52:9:52:9:Infinity":3,"b:10:4:10:Infinity:undefined:undefined:undefined:undefined":4,"s:10:4:10:Infinity":5,"s:10:21:10:Infinity":6,"b:10:47:10:51:10:51:10:Infinity":5,"s:11:4:11:Infinity":7}}}
,"C:\\Users\\PICHAU\\Documents\\Projetos\\Wellington\\flugo-employees\\src\\hooks\\use-sort-table.ts": {"path":"C:\\Users\\PICHAU\\Documents\\Projetos\\Wellington\\flugo-employees\\src\\hooks\\use-sort-table.ts","statementMap":{"0":{"start":{"line":7,"column":24},"end":{"line":7,"column":null}},"1":{"start":{"line":8,"column":28},"end":{"line":8,"column":null}},"2":{"start":{"line":10,"column":28},"end":{"line":15,"column":null}},"3":{"start":{"line":10,"column":53},"end":{"line":15,"column":null}},"4":{"start":{"line":11,"column":18},"end":{"line":11,"column":null}},"5":{"start":{"line":12,"column":4},"end":{"line":12,"column":null}},"6":{"start":{"line":13,"column":4},"end":{"line":13,"column":null}},"7":{"start":{"line":14,"column":4},"end":{"line":14,"column":null}},"8":{"start":{"line":17,"column":2},"end":{"line":17,"column":null}}},"fnMap":{"0":{"name":"useSortTable","decl":{"start":{"line":6,"column":16},"end":{"line":6,"column":29}},"loc":{"start":{"line":6,"column":106},"end":{"line":18,"column":null}},"line":6},"1":{"name":"(anonymous_1)","decl":{"start":{"line":10,"column":28},"end":{"line":10,"column":29}},"loc":{"start":{"line":10,"column":53},"end":{"line":15,"column":null}},"line":10},"2":{"name":"(anonymous_2)","decl":{"start":{"line":10,"column":53},"end":{"line":10,"column":59}},"loc":{"start":{"line":10,"column":59},"end":{"line":15,"column":null}},"line":10}},"branchMap":{"0":{"loc":{"start":{"line":6,"column":29},"end":{"line":6,"column":67}},"type":"default-arg","locations":[{"start":{"line":6,"column":59},"end":{"line":6,"column":67}}],"line":6},"1":{"loc":{"start":{"line":11,"column":18},"end":{"line":11,"column":null}},"type":"binary-expr","locations":[{"start":{"line":11,"column":18},"end":{"line":11,"column":40}},{"start":{"line":11,"column":40},"end":{"line":11,"column":null}}],"line":11},"2":{"loc":{"start":{"line":12,"column":13},"end":{"line":12,"column":35}},"type":"cond-expr","locations":[{"start":{"line":12,"column":21},"end":{"line":12,"column":30}},{"start":{"line":12,"column":30},"end":{"line":12,"column":35}}],"line":12}},"s":{"0":13,"1":13,"2":13,"3":6,"4":6,"5":6,"6":6,"7":6,"8":13},"f":{"0":13,"1":6,"2":6},"b":{"0":[13],"1":[6,4],"2":[3,3]},"meta":{"lastBranch":3,"lastFunction":3,"lastStatement":9,"seen":{"f:6:16:6:29":0,"b:6:59:6:67":0,"s:7:24:7:Infinity":0,"s:8:28:8:Infinity":1,"s:10:28:15:Infinity":2,"f:10:28:10:29":1,"s:10:53:15:Infinity":3,"f:10:53:10:59":2,"s:11:18:11:Infinity":4,"b:11:18:11:40:11:40:11:Infinity":1,"s:12:4:12:Infinity":5,"b:12:21:12:30:12:30:12:35":2,"s:13:4:13:Infinity":6,"s:14:4:14:Infinity":7,"s:17:2:17:Infinity":8}}}
,"C:\\Users\\PICHAU\\Documents\\Projetos\\Wellington\\flugo-employees\\src\\services\\local-storage.ts": {"path":"C:\\Users\\PICHAU\\Documents\\Projetos\\Wellington\\flugo-employees\\src\\services\\local-storage.ts","statementMap":{"0":{"start":{"line":4,"column":15},"end":{"line":4,"column":null}},"1":{"start":{"line":7,"column":2},"end":{"line":7,"column":null}},"2":{"start":{"line":11,"column":2},"end":{"line":22,"column":null}},"3":{"start":{"line":12,"column":16},"end":{"line":12,"column":null}},"4":{"start":{"line":13,"column":25},"end":{"line":13,"column":null}},"5":{"start":{"line":14,"column":17},"end":{"line":14,"column":null}},"6":{"start":{"line":15,"column":4},"end":{"line":19,"column":null}},"7":{"start":{"line":16,"column":6},"end":{"line":16,"column":null}},"8":{"start":{"line":16,"column":29},"end":{"line":16,"column":null}},"9":{"start":{"line":17,"column":6},"end":{"line":17,"column":null}},"10":{"start":{"line":18,"column":6},"end":{"line":18,"column":null}},"11":{"start":{"line":21,"column":4},"end":{"line":21,"column":null}},"12":{"start":{"line":26,"column":18},"end":{"line":26,"column":null}},"13":{"start":{"line":26,"column":49},"end":{"line":26,"column":71}},"14":{"start":{"line":27,"column":23},"end":{"line":32,"column":null}},"15":{"start":{"line":33,"column":2},"end":{"line":33,"column":null}},"16":{"start":{"line":34,"column":2},"end":{"line":34,"column":null}},"17":{"start":{"line":38,"column":18},"end":{"line":38,"column":null}},"18":{"start":{"line":39,"column":2},"end":{"line":39,"column":null}},"19":{"start":{"line":39,"column":68},"end":{"line":39,"column":90}},"20":{"start":{"line":43,"column":18},"end":{"line":43,"column":null}},"21":{"start":{"line":44,"column":2},"end":{"line":44,"column":null}},"22":{"start":{"line":44,"column":68},"end":{"line":44,"column":85}}},"fnMap":{"0":{"name":"shortId","decl":{"start":{"line":6,"column":9},"end":{"line":6,"column":19}},"loc":{"start":{"line":6,"column":19},"end":{"line":8,"column":null}},"line":6},"1":{"name":"getPendingStaffs","decl":{"start":{"line":10,"column":16},"end":{"line":10,"column":44}},"loc":{"start":{"line":10,"column":44},"end":{"line":23,"column":null}},"line":10},"2":{"name":"(anonymous_2)","decl":{"start":{"line":15,"column":22},"end":{"line":15,"column":27}},"loc":{"start":{"line":15,"column":27},"end":{"line":19,"column":5}},"line":15},"3":{"name":"addPendingStaff","decl":{"start":{"line":25,"column":16},"end":{"line":25,"column":32}},"loc":{"start":{"line":25,"column":58},"end":{"line":35,"column":null}},"line":25},"4":{"name":"(anonymous_4)","decl":{"start":{"line":26,"column":44},"end":{"line":26,"column":49}},"loc":{"start":{"line":26,"column":49},"end":{"line":26,"column":71}},"line":26},"5":{"name":"removePendingStaff","decl":{"start":{"line":37,"column":16},"end":{"line":37,"column":35}},"loc":{"start":{"line":37,"column":52},"end":{"line":40,"column":null}},"line":37},"6":{"name":"(anonymous_6)","decl":{"start":{"line":39,"column":61},"end":{"line":39,"column":62}},"loc":{"start":{"line":39,"column":68},"end":{"line":39,"column":90}},"line":39},"7":{"name":"removePendingByEmail","decl":{"start":{"line":42,"column":16},"end":{"line":42,"column":37}},"loc":{"start":{"line":42,"column":52},"end":{"line":45,"column":null}},"line":42},"8":{"name":"(anonymous_8)","decl":{"start":{"line":44,"column":61},"end":{"line":44,"column":62}},"loc":{"start":{"line":44,"column":68},"end":{"line":44,"column":85}},"line":44}},"branchMap":{"0":{"loc":{"start":{"line":13,"column":25},"end":{"line":13,"column":null}},"type":"cond-expr","locations":[{"start":{"line":13,"column":31},"end":{"line":13,"column":49}},{"start":{"line":13,"column":49},"end":{"line":13,"column":null}}],"line":13},"1":{"loc":{"start":{"line":16,"column":6},"end":{"line":16,"column":null}},"type":"if","locations":[{"start":{"line":16,"column":6},"end":{"line":16,"column":null}},{"start":{},"end":{}}],"line":16}},"s":{"0":1,"1":34,"2":35,"3":35,"4":35,"5":35,"6":35,"7":24,"8":0,"9":24,"10":24,"11":1,"12":17,"13":6,"14":17,"15":17,"16":17,"17":3,"18":3,"19":4,"20":3,"21":3,"22":4},"f":{"0":34,"1":35,"2":24,"3":17,"4":6,"5":3,"6":4,"7":3,"8":4},"b":{"0":[23,12],"1":[0,24]},"meta":{"lastBranch":2,"lastFunction":9,"lastStatement":23,"seen":{"s:4:15:4:Infinity":0,"f:6:9:6:19":0,"s:7:2:7:Infinity":1,"f:10:16:10:44":1,"s:11:2:22:Infinity":2,"s:12:16:12:Infinity":3,"s:13:25:13:Infinity":4,"b:13:31:13:49:13:49:13:Infinity":0,"s:14:17:14:Infinity":5,"s:15:4:19:Infinity":6,"f:15:22:15:27":2,"b:16:6:16:Infinity:undefined:undefined:undefined:undefined":1,"s:16:6:16:Infinity":7,"s:16:29:16:Infinity":8,"s:17:6:17:Infinity":9,"s:18:6:18:Infinity":10,"s:21:4:21:Infinity":11,"f:25:16:25:32":3,"s:26:18:26:Infinity":12,"f:26:44:26:49":4,"s:26:49:26:71":13,"s:27:23:32:Infinity":14,"s:33:2:33:Infinity":15,"s:34:2:34:Infinity":16,"f:37:16:37:35":5,"s:38:18:38:Infinity":17,"s:39:2:39:Infinity":18,"f:39:61:39:62":6,"s:39:68:39:90":19,"f:42:16:42:37":7,"s:43:18:43:Infinity":20,"s:44:2:44:Infinity":21,"f:44:61:44:62":8,"s:44:68:44:85":22}}}
}
