{"C:\\Users\\PICHAU\\Documents\\Projetos\\Wellington\\flugo-employees\\src\\components\\delete-confirm-dialog.tsx": {"path":"C:\\Users\\PICHAU\\Documents\\Projetos\\Wellington\\flugo-employees\\src\\components\\delete-confirm-dialog.tsx","statementMap":{"0":{"start":{"line":25,"column":2},"end":{"line":41,"column":null}}},"fnMap":{"0":{"name":"DeleteConfirmDialog","decl":{"start":{"line":18,"column":16},"end":{"line":18,"column":36}},"loc":{"start":{"line":24,"column":29},"end":{"line":43,"column":null}},"line":24}},"branchMap":{"0":{"loc":{"start":{"line":38,"column":11},"end":{"line":38,"column":null}},"type":"cond-expr","locations":[{"start":{"line":38,"column":23},"end":{"line":38,"column":40}},{"start":{"line":38,"column":40},"end":{"line":38,"column":null}}],"line":38}},"s":{"0":4},"f":{"0":4},"b":{"0":[0,4]},"meta":{"lastBranch":1,"lastFunction":1,"lastStatement":1,"seen":{"f:18:16:18:36":0,"s:25:2:41:Infinity":0,"b:38:23:38:40:38:40:38:Infinity":0}}}
,"C:\\Users\\PICHAU\\Documents\\Projetos\\Wellington\\flugo-employees\\src\\components\\sidebar.tsx": {"path":"C:\\Users\\PICHAU\\Documents\\Projetos\\Wellington\\flugo-employees\\src\\components\\sidebar.tsx","statementMap":{"0":{"start":{"line":6,"column":20},"end":{"line":6,"column":null}},"1":{"start":{"line":14,"column":8},"end":{"line":14,"column":null}},"2":{"start":{"line":15,"column":8},"end":{"line":15,"column":null}},"3":{"start":{"line":16,"column":8},"end":{"line":16,"column":null}},"4":{"start":{"line":19,"column":4},"end":{"line":46,"column":null}},"5":{"start":{"line":30,"column":14},"end":{"line":30,"column":null}},"6":{"start":{"line":31,"column":14},"end":{"line":31,"column":null}},"7":{"start":{"line":31,"column":27},"end":{"line":31,"column":null}},"8":{"start":{"line":49,"column":2},"end":{"line":63,"column":null}},"9":{"start":{"line":50,"column":4},"end":{"line":61,"column":null}},"10":{"start":{"line":65,"column":2},"end":{"line":80,"column":null}}},"fnMap":{"0":{"name":"Sidebar","decl":{"start":{"line":13,"column":16},"end":{"line":13,"column":24}},"loc":{"start":{"line":13,"column":63},"end":{"line":82,"column":null}},"line":13},"1":{"name":"(anonymous_1)","decl":{"start":{"line":29,"column":21},"end":{"line":29,"column":27}},"loc":{"start":{"line":29,"column":27},"end":{"line":32,"column":null}},"line":29}},"branchMap":{"0":{"loc":{"start":{"line":31,"column":14},"end":{"line":31,"column":null}},"type":"if","locations":[{"start":{"line":31,"column":14},"end":{"line":31,"column":null}},{"start":{},"end":{}}],"line":31},"1":{"loc":{"start":{"line":49,"column":2},"end":{"line":63,"column":null}},"type":"if","locations":[{"start":{"line":49,"column":2},"end":{"line":63,"column":null}},{"start":{},"end":{}}],"line":49}},"s":{"0":1,"1":3,"2":3,"3":3,"4":3,"5":1,"6":1,"7":0,"8":3,"9":0,"10":3},"f":{"0":3,"1":1},"b":{"0":[0,1],"1":[0,3]},"meta":{"lastBranch":2,"lastFunction":2,"lastStatement":11,"seen":{"s:6:20:6:Infinity":0,"f:13:16:13:24":0,"s:14:8:14:Infinity":1,"s:15:8:15:Infinity":2,"s:16:8:16:Infinity":3,"s:19:4:46:Infinity":4,"f:29:21:29:27":1,"s:30:14:30:Infinity":5,"b:31:14:31:Infinity:undefined:undefined:undefined:undefined":0,"s:31:14:31:Infinity":6,"s:31:27:31:Infinity":7,"b:49:2:63:Infinity:undefined:undefined:undefined:undefined":1,"s:49:2:63:Infinity":8,"s:50:4:61:Infinity":9,"s:65:2:80:Infinity":10}}}
,"C:\\Users\\PICHAU\\Documents\\Projetos\\Wellington\\flugo-employees\\src\\components\\staff-form.tsx": {"path":"C:\\Users\\PICHAU\\Documents\\Projetos\\Wellington\\flugo-employees\\src\\components\\staff-form.tsx","statementMap":{"0":{"start":{"line":32,"column":8},"end":{"line":32,"column":null}},"1":{"start":{"line":33,"column":8},"end":{"line":33,"column":null}},"2":{"start":{"line":45,"column":2},"end":{"line":45,"column":null}},"3":{"start":{"line":47,"column":21},"end":{"line":53,"column":null}},"4":{"start":{"line":48,"column":4},"end":{"line":48,"column":null}},"5":{"start":{"line":48,"column":11},"end":{"line":48,"column":null}},"6":{"start":{"line":49,"column":15},"end":{"line":49,"column":null}},"7":{"start":{"line":50,"column":4},"end":{"line":52,"column":null}},"8":{"start":{"line":51,"column":6},"end":{"line":51,"column":null}},"9":{"start":{"line":55,"column":21},"end":{"line":55,"column":null}},"10":{"start":{"line":57,"column":2},"end":{"line":212,"column":null}},"11":{"start":{"line":79,"column":12},"end":{"line":103,"column":null}},"12":{"start":{"line":84,"column":24},"end":{"line":96,"column":null}},"13":{"start":{"line":118,"column":18},"end":{"line":124,"column":null}},"14":{"start":{"line":131,"column":18},"end":{"line":139,"column":null}},"15":{"start":{"line":146,"column":18},"end":{"line":155,"column":null}},"16":{"start":{"line":152,"column":41},"end":{"line":152,"column":null}},"17":{"start":{"line":165,"column":18},"end":{"line":172,"column":null}},"18":{"start":{"line":205,"column":23},"end":{"line":205,"column":null}},"19":{"start":{"line":208,"column":57},"end":{"line":208,"column":73}}},"fnMap":{"0":{"name":"StaffForm","decl":{"start":{"line":31,"column":16},"end":{"line":31,"column":26}},"loc":{"start":{"line":31,"column":86},"end":{"line":214,"column":null}},"line":31},"1":{"name":"(anonymous_1)","decl":{"start":{"line":47,"column":21},"end":{"line":47,"column":28}},"loc":{"start":{"line":47,"column":52},"end":{"line":53,"column":null}},"line":47},"2":{"name":"(anonymous_2)","decl":{"start":{"line":78,"column":21},"end":{"line":78,"column":22}},"loc":{"start":{"line":79,"column":12},"end":{"line":103,"column":null}},"line":79},"3":{"name":"(anonymous_3)","decl":{"start":{"line":83,"column":22},"end":{"line":83,"column":null}},"loc":{"start":{"line":84,"column":24},"end":{"line":96,"column":null}},"line":84},"4":{"name":"(anonymous_4)","decl":{"start":{"line":117,"column":24},"end":{"line":117,"column":25}},"loc":{"start":{"line":118,"column":18},"end":{"line":124,"column":null}},"line":118},"5":{"name":"(anonymous_5)","decl":{"start":{"line":130,"column":24},"end":{"line":130,"column":25}},"loc":{"start":{"line":131,"column":18},"end":{"line":139,"column":null}},"line":131},"6":{"name":"(anonymous_6)","decl":{"start":{"line":145,"column":24},"end":{"line":145,"column":25}},"loc":{"start":{"line":146,"column":18},"end":{"line":155,"column":null}},"line":146},"7":{"name":"(anonymous_7)","decl":{"start":{"line":152,"column":34},"end":{"line":152,"column":35}},"loc":{"start":{"line":152,"column":41},"end":{"line":152,"column":null}},"line":152},"8":{"name":"(anonymous_8)","decl":{"start":{"line":164,"column":24},"end":{"line":164,"column":25}},"loc":{"start":{"line":165,"column":18},"end":{"line":172,"column":null}},"line":165},"9":{"name":"(anonymous_9)","decl":{"start":{"line":205,"column":17},"end":{"line":205,"column":23}},"loc":{"start":{"line":205,"column":23},"end":{"line":205,"column":null}},"line":205},"10":{"name":"(anonymous_10)","decl":{"start":{"line":208,"column":51},"end":{"line":208,"column":57}},"loc":{"start":{"line":208,"column":57},"end":{"line":208,"column":73}},"line":208}},"branchMap":{"0":{"loc":{"start":{"line":31,"column":52},"end":{"line":31,"column":67}},"type":"default-arg","locations":[{"start":{"line":31,"column":61},"end":{"line":31,"column":67}}],"line":31},"1":{"loc":{"start":{"line":48,"column":4},"end":{"line":48,"column":null}},"type":"if","locations":[{"start":{"line":48,"column":4},"end":{"line":48,"column":null}},{"start":{},"end":{}}],"line":48},"2":{"loc":{"start":{"line":50,"column":4},"end":{"line":52,"column":null}},"type":"if","locations":[{"start":{"line":50,"column":4},"end":{"line":52,"column":null}},{"start":{},"end":{}}],"line":50},"3":{"loc":{"start":{"line":58,"column":69},"end":{"line":58,"column":null}},"type":"cond-expr","locations":[{"start":{"line":58,"column":80},"end":{"line":58,"column":84}},{"start":{"line":58,"column":84},"end":{"line":58,"column":null}}],"line":58},"4":{"loc":{"start":{"line":72,"column":41},"end":{"line":72,"column":70}},"type":"cond-expr","locations":[{"start":{"line":72,"column":52},"end":{"line":72,"column":63}},{"start":{"line":72,"column":63},"end":{"line":72,"column":70}}],"line":72},"5":{"loc":{"start":{"line":72,"column":75},"end":{"line":72,"column":null}},"type":"cond-expr","locations":[{"start":{"line":72,"column":86},"end":{"line":72,"column":90}},{"start":{"line":72,"column":90},"end":{"line":72,"column":null}}],"line":72},"6":{"loc":{"start":{"line":75,"column":23},"end":{"line":75,"column":null}},"type":"cond-expr","locations":[{"start":{"line":75,"column":34},"end":{"line":75,"column":49}},{"start":{"line":75,"column":49},"end":{"line":75,"column":null}}],"line":75},"7":{"loc":{"start":{"line":76,"column":26},"end":{"line":76,"column":50}},"type":"cond-expr","locations":[{"start":{"line":76,"column":37},"end":{"line":76,"column":46}},{"start":{"line":76,"column":46},"end":{"line":76,"column":50}}],"line":76},"8":{"loc":{"start":{"line":82,"column":18},"end":{"line":98,"column":null}},"type":"cond-expr","locations":[{"start":{"line":83,"column":22},"end":{"line":96,"column":null}},{"start":{"line":98,"column":22},"end":{"line":98,"column":null}}],"line":82},"9":{"loc":{"start":{"line":101,"column":18},"end":{"line":101,"column":null}},"type":"binary-expr","locations":[{"start":{"line":101,"column":18},"end":{"line":101,"column":31}},{"start":{"line":101,"column":31},"end":{"line":101,"column":56}},{"start":{"line":101,"column":56},"end":{"line":101,"column":null}}],"line":101},"10":{"loc":{"start":{"line":109,"column":13},"end":{"line":109,"column":null}},"type":"cond-expr","locations":[{"start":{"line":109,"column":32},"end":{"line":109,"column":56}},{"start":{"line":109,"column":56},"end":{"line":109,"column":null}}],"line":109},"11":{"loc":{"start":{"line":113,"column":32},"end":{"line":113,"column":68}},"type":"cond-expr","locations":[{"start":{"line":113,"column":51},"end":{"line":113,"column":60}},{"start":{"line":113,"column":60},"end":{"line":113,"column":68}}],"line":113},"12":{"loc":{"start":{"line":147,"column":27},"end":{"line":147,"column":null}},"type":"cond-expr","locations":[{"start":{"line":147,"column":36},"end":{"line":147,"column":46}},{"start":{"line":147,"column":46},"end":{"line":147,"column":null}}],"line":147},"13":{"loc":{"start":{"line":152,"column":56},"end":{"line":152,"column":96}},"type":"cond-expr","locations":[{"start":{"line":152,"column":75},"end":{"line":152,"column":86}},{"start":{"line":152,"column":86},"end":{"line":152,"column":96}}],"line":152},"14":{"loc":{"start":{"line":160,"column":32},"end":{"line":160,"column":68}},"type":"cond-expr","locations":[{"start":{"line":160,"column":51},"end":{"line":160,"column":61}},{"start":{"line":160,"column":61},"end":{"line":160,"column":68}}],"line":160},"15":{"loc":{"start":{"line":198,"column":11},"end":{"line":198,"column":null}},"type":"cond-expr","locations":[{"start":{"line":198,"column":25},"end":{"line":198,"column":87}},{"start":{"line":198,"column":87},"end":{"line":198,"column":null}}],"line":198},"16":{"loc":{"start":{"line":198,"column":25},"end":{"line":198,"column":87}},"type":"cond-expr","locations":[{"start":{"line":198,"column":37},"end":{"line":198,"column":53}},{"start":{"line":198,"column":53},"end":{"line":198,"column":87}}],"line":198},"17":{"loc":{"start":{"line":198,"column":53},"end":{"line":198,"column":87}},"type":"cond-expr","locations":[{"start":{"line":198,"column":62},"end":{"line":198,"column":73}},{"start":{"line":198,"column":73},"end":{"line":198,"column":87}}],"line":198}},"s":{"0":4,"1":4,"2":4,"3":4,"4":2,"5":2,"6":2,"7":2,"8":2,"9":4,"10":4,"11":8,"12":0,"13":4,"14":4,"15":4,"16":0,"17":4,"18":0,"19":0},"f":{"0":4,"1":2,"2":8,"3":0,"4":4,"5":4,"6":4,"7":0,"8":4,"9":0,"10":0},"b":{"0":[4],"1":[2,0],"2":[2,0],"3":[0,4],"4":[0,4],"5":[0,4],"6":[0,4],"7":[0,4],"8":[0,8],"9":[8,0,8],"10":[4,0],"11":[4,0],"12":[0,4],"13":[0,0],"14":[0,4],"15":[0,4],"16":[0,0],"17":[0,0]},"meta":{"lastBranch":18,"lastFunction":11,"lastStatement":20,"seen":{"f:31:16:31:26":0,"b:31:61:31:67":0,"s:32:8:32:Infinity":0,"s:33:8:33:Infinity":1,"s:45:2:45:Infinity":2,"s:47:21:53:Infinity":3,"f:47:21:47:28":1,"b:48:4:48:Infinity:undefined:undefined:undefined:undefined":1,"s:48:4:48:Infinity":4,"s:48:11:48:Infinity":5,"s:49:15:49:Infinity":6,"b:50:4:52:Infinity:undefined:undefined:undefined:undefined":2,"s:50:4:52:Infinity":7,"s:51:6:51:Infinity":8,"s:55:21:55:Infinity":9,"s:57:2:212:Infinity":10,"b:58:80:58:84:58:84:58:Infinity":3,"b:72:52:72:63:72:63:72:70":4,"b:72:86:72:90:72:90:72:Infinity":5,"b:75:34:75:49:75:49:75:Infinity":6,"b:76:37:76:46:76:46:76:50":7,"f:78:21:78:22":2,"s:79:12:103:Infinity":11,"b:83:22:96:Infinity:98:22:98:Infinity":8,"f:83:22:83:Infinity":3,"s:84:24:96:Infinity":12,"b:101:18:101:31:101:31:101:56:101:56:101:Infinity":9,"b:109:32:109:56:109:56:109:Infinity":10,"b:113:51:113:60:113:60:113:68":11,"f:117:24:117:25":4,"s:118:18:124:Infinity":13,"f:130:24:130:25":5,"s:131:18:139:Infinity":14,"f:145:24:145:25":6,"s:146:18:155:Infinity":15,"b:147:36:147:46:147:46:147:Infinity":12,"f:152:34:152:35":7,"s:152:41:152:Infinity":16,"b:152:75:152:86:152:86:152:96":13,"b:160:51:160:61:160:61:160:68":14,"f:164:24:164:25":8,"s:165:18:172:Infinity":17,"b:198:25:198:87:198:87:198:Infinity":15,"b:198:37:198:53:198:53:198:87":16,"b:198:62:198:73:198:73:198:87":17,"f:205:17:205:23":9,"s:205:23:205:Infinity":18,"f:208:51:208:57":10,"s:208:57:208:73":19}}}
,"C:\\Users\\PICHAU\\Documents\\Projetos\\Wellington\\flugo-employees\\src\\components\\staff-list.tsx": {"path":"C:\\Users\\PICHAU\\Documents\\Projetos\\Wellington\\flugo-employees\\src\\components\\staff-list.tsx","statementMap":{"0":{"start":{"line":39,"column":87},"end":{"line":44,"column":null}},"1":{"start":{"line":46,"column":68},"end":{"line":50,"column":null}},"2":{"start":{"line":52,"column":77},"end":{"line":55,"column":null}},"3":{"start":{"line":54,"column":29},"end":{"line":54,"column":52}},"4":{"start":{"line":58,"column":8},"end":{"line":58,"column":null}},"5":{"start":{"line":59,"column":8},"end":{"line":59,"column":null}},"6":{"start":{"line":60,"column":43},"end":{"line":60,"column":null}},"7":{"start":{"line":61,"column":22},"end":{"line":61,"column":null}},"8":{"start":{"line":62,"column":36},"end":{"line":62,"column":null}},"9":{"start":{"line":63,"column":44},"end":{"line":63,"column":null}},"10":{"start":{"line":64,"column":29},"end":{"line":64,"column":null}},"11":{"start":{"line":65,"column":58},"end":{"line":65,"column":null}},"12":{"start":{"line":67,"column":26},"end":{"line":67,"column":null}},"13":{"start":{"line":68,"column":38},"end":{"line":68,"column":null}},"14":{"start":{"line":69,"column":46},"end":{"line":69,"column":null}},"15":{"start":{"line":70,"column":38},"end":{"line":70,"column":null}},"16":{"start":{"line":72,"column":2},"end":{"line":74,"column":null}},"17":{"start":{"line":73,"column":4},"end":{"line":73,"column":null}},"18":{"start":{"line":73,"column":26},"end":{"line":73,"column":null}},"19":{"start":{"line":76,"column":8},"end":{"line":82,"column":null}},"20":{"start":{"line":77,"column":14},"end":{"line":77,"column":null}},"21":{"start":{"line":78,"column":24},"end":{"line":78,"column":null}},"22":{"start":{"line":79,"column":24},"end":{"line":79,"column":null}},"23":{"start":{"line":80,"column":22},"end":{"line":80,"column":null}},"24":{"start":{"line":81,"column":4},"end":{"line":81,"column":null}},"25":{"start":{"line":84,"column":17},"end":{"line":84,"column":null}},"26":{"start":{"line":85,"column":20},"end":{"line":85,"column":null}},"27":{"start":{"line":87,"column":23},"end":{"line":91,"column":null}},"28":{"start":{"line":88,"column":4},"end":{"line":88,"column":null}},"29":{"start":{"line":88,"column":23},"end":{"line":88,"column":null}},"30":{"start":{"line":89,"column":4},"end":{"line":89,"column":null}},"31":{"start":{"line":90,"column":4},"end":{"line":90,"column":null}},"32":{"start":{"line":93,"column":2},"end":{"line":314,"column":null}},"33":{"start":{"line":124,"column":14},"end":{"line":124,"column":null}},"34":{"start":{"line":125,"column":14},"end":{"line":125,"column":null}},"35":{"start":{"line":142,"column":14},"end":{"line":142,"column":null}},"36":{"start":{"line":143,"column":14},"end":{"line":143,"column":null}},"37":{"start":{"line":148,"column":14},"end":{"line":150,"column":null}},"38":{"start":{"line":159,"column":14},"end":{"line":159,"column":null}},"39":{"start":{"line":160,"column":14},"end":{"line":160,"column":null}},"40":{"start":{"line":165,"column":14},"end":{"line":167,"column":null}},"41":{"start":{"line":178,"column":16},"end":{"line":200,"column":null}},"42":{"start":{"line":207,"column":16},"end":{"line":223,"column":null}},"43":{"start":{"line":242,"column":14},"end":{"line":287,"column":null}},"44":{"start":{"line":249,"column":36},"end":{"line":249,"column":40}},"45":{"start":{"line":296,"column":40},"end":{"line":296,"column":null}},"46":{"start":{"line":298,"column":12},"end":{"line":298,"column":null}},"47":{"start":{"line":299,"column":12},"end":{"line":299,"column":null}},"48":{"start":{"line":303,"column":55},"end":{"line":303,"column":null}},"49":{"start":{"line":311,"column":24},"end":{"line":311,"column":null}}},"fnMap":{"0":{"name":"(anonymous_0)","decl":{"start":{"line":54,"column":21},"end":{"line":54,"column":22}},"loc":{"start":{"line":54,"column":29},"end":{"line":54,"column":52}},"line":54},"1":{"name":"StaffList","decl":{"start":{"line":57,"column":16},"end":{"line":57,"column":28}},"loc":{"start":{"line":57,"column":28},"end":{"line":316,"column":null}},"line":57},"2":{"name":"(anonymous_2)","decl":{"start":{"line":72,"column":12},"end":{"line":72,"column":18}},"loc":{"start":{"line":72,"column":18},"end":{"line":74,"column":5}},"line":72},"3":{"name":"(anonymous_3)","decl":{"start":{"line":76,"column":41},"end":{"line":76,"column":42}},"loc":{"start":{"line":76,"column":48},"end":{"line":82,"column":3}},"line":76},"4":{"name":"(anonymous_4)","decl":{"start":{"line":87,"column":23},"end":{"line":87,"column":35}},"loc":{"start":{"line":87,"column":35},"end":{"line":91,"column":null}},"line":87},"5":{"name":"(anonymous_5)","decl":{"start":{"line":123,"column":22},"end":{"line":123,"column":23}},"loc":{"start":{"line":123,"column":29},"end":{"line":126,"column":null}},"line":123},"6":{"name":"(anonymous_6)","decl":{"start":{"line":141,"column":22},"end":{"line":141,"column":23}},"loc":{"start":{"line":141,"column":29},"end":{"line":144,"column":null}},"line":141},"7":{"name":"(anonymous_7)","decl":{"start":{"line":147,"column":31},"end":{"line":147,"column":32}},"loc":{"start":{"line":148,"column":14},"end":{"line":150,"column":null}},"line":148},"8":{"name":"(anonymous_8)","decl":{"start":{"line":158,"column":22},"end":{"line":158,"column":23}},"loc":{"start":{"line":158,"column":29},"end":{"line":161,"column":null}},"line":158},"9":{"name":"(anonymous_9)","decl":{"start":{"line":164,"column":35},"end":{"line":164,"column":36}},"loc":{"start":{"line":165,"column":14},"end":{"line":167,"column":null}},"line":165},"10":{"name":"(anonymous_10)","decl":{"start":{"line":177,"column":27},"end":{"line":177,"column":28}},"loc":{"start":{"line":178,"column":16},"end":{"line":200,"column":null}},"line":178},"11":{"name":"(anonymous_11)","decl":{"start":{"line":206,"column":43},"end":{"line":206,"column":44}},"loc":{"start":{"line":207,"column":16},"end":{"line":223,"column":null}},"line":207},"12":{"name":"(anonymous_12)","decl":{"start":{"line":241,"column":27},"end":{"line":241,"column":28}},"loc":{"start":{"line":242,"column":14},"end":{"line":287,"column":null}},"line":242},"13":{"name":"(anonymous_13)","decl":{"start":{"line":249,"column":29},"end":{"line":249,"column":30}},"loc":{"start":{"line":249,"column":36},"end":{"line":249,"column":40}},"line":249},"14":{"name":"(anonymous_14)","decl":{"start":{"line":296,"column":24},"end":{"line":296,"column":25}},"loc":{"start":{"line":296,"column":40},"end":{"line":296,"column":null}},"line":296},"15":{"name":"(anonymous_15)","decl":{"start":{"line":297,"column":31},"end":{"line":297,"column":32}},"loc":{"start":{"line":297,"column":38},"end":{"line":300,"column":null}},"line":297},"16":{"name":"(anonymous_16)","decl":{"start":{"line":303,"column":30},"end":{"line":303,"column":31}},"loc":{"start":{"line":303,"column":55},"end":{"line":303,"column":null}},"line":303},"17":{"name":"(anonymous_17)","decl":{"start":{"line":311,"column":18},"end":{"line":311,"column":24}},"loc":{"start":{"line":311,"column":24},"end":{"line":311,"column":null}},"line":311}},"branchMap":{"0":{"loc":{"start":{"line":73,"column":4},"end":{"line":73,"column":null}},"type":"if","locations":[{"start":{"line":73,"column":4},"end":{"line":73,"column":null}},{"start":{},"end":{}}],"line":73},"1":{"loc":{"start":{"line":76,"column":20},"end":{"line":76,"column":34}},"type":"binary-expr","locations":[{"start":{"line":76,"column":20},"end":{"line":76,"column":30}},{"start":{"line":76,"column":30},"end":{"line":76,"column":34}}],"line":76},"2":{"loc":{"start":{"line":78,"column":24},"end":{"line":78,"column":null}},"type":"binary-expr","locations":[{"start":{"line":78,"column":24},"end":{"line":78,"column":30}},{"start":{"line":78,"column":30},"end":{"line":78,"column":66}},{"start":{"line":78,"column":66},"end":{"line":78,"column":null}}],"line":78},"3":{"loc":{"start":{"line":79,"column":24},"end":{"line":79,"column":null}},"type":"binary-expr","locations":[{"start":{"line":79,"column":24},"end":{"line":79,"column":41}},{"start":{"line":79,"column":41},"end":{"line":79,"column":null}}],"line":79},"4":{"loc":{"start":{"line":80,"column":22},"end":{"line":80,"column":null}},"type":"binary-expr","locations":[{"start":{"line":80,"column":22},"end":{"line":80,"column":43}},{"start":{"line":80,"column":43},"end":{"line":80,"column":null}}],"line":80},"5":{"loc":{"start":{"line":81,"column":11},"end":{"line":81,"column":null}},"type":"binary-expr","locations":[{"start":{"line":81,"column":11},"end":{"line":81,"column":26}},{"start":{"line":81,"column":26},"end":{"line":81,"column":41}},{"start":{"line":81,"column":41},"end":{"line":81,"column":null}}],"line":81},"6":{"loc":{"start":{"line":88,"column":4},"end":{"line":88,"column":null}},"type":"if","locations":[{"start":{"line":88,"column":4},"end":{"line":88,"column":null}},{"start":{},"end":{}}],"line":88},"7":{"loc":{"start":{"line":183,"column":22},"end":{"line":185,"column":null}},"type":"cond-expr","locations":[{"start":{"line":184,"column":26},"end":{"line":184,"column":null}},{"start":{"line":185,"column":26},"end":{"line":185,"column":null}}],"line":183},"8":{"loc":{"start":{"line":183,"column":22},"end":{"line":183,"column":null}},"type":"binary-expr","locations":[{"start":{"line":183,"column":22},"end":{"line":183,"column":44}},{"start":{"line":183,"column":44},"end":{"line":183,"column":null}}],"line":183},"9":{"loc":{"start":{"line":190,"column":31},"end":{"line":190,"column":null}},"type":"cond-expr","locations":[{"start":{"line":190,"column":52},"end":{"line":190,"column":60}},{"start":{"line":190,"column":60},"end":{"line":190,"column":null}}],"line":190},"10":{"loc":{"start":{"line":194,"column":21},"end":{"line":197,"column":null}},"type":"binary-expr","locations":[{"start":{"line":194,"column":21},"end":{"line":194,"column":null}},{"start":{"line":195,"column":22},"end":{"line":197,"column":null}}],"line":194},"11":{"loc":{"start":{"line":196,"column":25},"end":{"line":196,"column":null}},"type":"cond-expr","locations":[{"start":{"line":196,"column":44},"end":{"line":196,"column":60}},{"start":{"line":196,"column":60},"end":{"line":196,"column":null}}],"line":196},"12":{"loc":{"start":{"line":205,"column":13},"end":{"line":224,"column":null}},"type":"binary-expr","locations":[{"start":{"line":205,"column":13},"end":{"line":205,"column":null}},{"start":{"line":206,"column":14},"end":{"line":224,"column":null}}],"line":205},"13":{"loc":{"start":{"line":225,"column":13},"end":{"line":230,"column":null}},"type":"binary-expr","locations":[{"start":{"line":225,"column":13},"end":{"line":225,"column":null}},{"start":{"line":226,"column":14},"end":{"line":230,"column":null}}],"line":225},"14":{"loc":{"start":{"line":227,"column":36},"end":{"line":227,"column":54}},"type":"cond-expr","locations":[{"start":{"line":227,"column":47},"end":{"line":227,"column":51}},{"start":{"line":227,"column":51},"end":{"line":227,"column":54}}],"line":227},"15":{"loc":{"start":{"line":232,"column":13},"end":{"line":239,"column":null}},"type":"binary-expr","locations":[{"start":{"line":232,"column":13},"end":{"line":232,"column":27}},{"start":{"line":232,"column":27},"end":{"line":232,"column":39}},{"start":{"line":232,"column":39},"end":{"line":232,"column":null}},{"start":{"line":233,"column":14},"end":{"line":239,"column":null}}],"line":232},"16":{"loc":{"start":{"line":234,"column":36},"end":{"line":234,"column":54}},"type":"cond-expr","locations":[{"start":{"line":234,"column":47},"end":{"line":234,"column":51}},{"start":{"line":234,"column":51},"end":{"line":234,"column":54}}],"line":234},"17":{"loc":{"start":{"line":235,"column":19},"end":{"line":237,"column":null}},"type":"cond-expr","locations":[{"start":{"line":236,"column":22},"end":{"line":236,"column":null}},{"start":{"line":237,"column":22},"end":{"line":237,"column":null}}],"line":235},"18":{"loc":{"start":{"line":257,"column":23},"end":{"line":260,"column":null}},"type":"binary-expr","locations":[{"start":{"line":257,"column":23},"end":{"line":257,"column":null}},{"start":{"line":258,"column":24},"end":{"line":260,"column":null}}],"line":257},"19":{"loc":{"start":{"line":268,"column":19},"end":{"line":284,"column":null}},"type":"cond-expr","locations":[{"start":{"line":269,"column":20},"end":{"line":277,"column":null}},{"start":{"line":279,"column":20},"end":{"line":284,"column":null}}],"line":268},"20":{"loc":{"start":{"line":280,"column":29},"end":{"line":280,"column":null}},"type":"cond-expr","locations":[{"start":{"line":280,"column":55},"end":{"line":280,"column":65}},{"start":{"line":280,"column":65},"end":{"line":280,"column":null}}],"line":280},"21":{"loc":{"start":{"line":281,"column":29},"end":{"line":281,"column":null}},"type":"cond-expr","locations":[{"start":{"line":281,"column":55},"end":{"line":281,"column":67}},{"start":{"line":281,"column":67},"end":{"line":281,"column":null}}],"line":281},"22":{"loc":{"start":{"line":302,"column":28},"end":{"line":302,"column":null}},"type":"cond-expr","locations":[{"start":{"line":302,"column":39},"end":{"line":302,"column":44}},{"start":{"line":302,"column":44},"end":{"line":302,"column":null}}],"line":302},"23":{"loc":{"start":{"line":309,"column":19},"end":{"line":309,"column":null}},"type":"binary-expr","locations":[{"start":{"line":309,"column":19},"end":{"line":309,"column":41}},{"start":{"line":309,"column":41},"end":{"line":309,"column":null}}],"line":309}},"s":{"0":1,"1":1,"2":1,"3":4,"4":4,"5":4,"6":4,"7":4,"8":4,"9":4,"10":4,"11":4,"12":4,"13":4,"14":4,"15":4,"16":4,"17":4,"18":0,"19":4,"20":1,"21":1,"22":1,"23":1,"24":1,"25":4,"26":4,"27":4,"28":0,"29":0,"30":0,"31":0,"32":4,"33":0,"34":0,"35":0,"36":0,"37":12,"38":0,"39":0,"40":20,"41":16,"42":5,"43":1,"44":2,"45":0,"46":0,"47":0,"48":4,"49":0},"f":{"0":4,"1":4,"2":4,"3":1,"4":0,"5":0,"6":0,"7":12,"8":0,"9":20,"10":16,"11":5,"12":1,"13":2,"14":0,"15":0,"16":4,"17":0},"b":{"0":[0,4],"1":[4,2],"2":[1,0,0],"3":[1,0],"4":[1,0],"5":[1,1,1],"6":[0,0],"7":[8,8],"8":[16,12],"9":[4,12],"10":[16,4],"11":[0,4],"12":[4,1],"13":[4,1],"14":[0,1],"15":[4,3,2,1],"16":[0,1],"17":[0,1],"18":[1,0],"19":[0,1],"20":[1,0],"21":[1,0],"22":[0,4],"23":[4,4]},"meta":{"lastBranch":24,"lastFunction":18,"lastStatement":50,"seen":{"s:39:87:44:Infinity":0,"s:46:68:50:Infinity":1,"s:52:77:55:Infinity":2,"f:54:21:54:22":0,"s:54:29:54:52":3,"f:57:16:57:28":1,"s:58:8:58:Infinity":4,"s:59:8:59:Infinity":5,"s:60:43:60:Infinity":6,"s:61:22:61:Infinity":7,"s:62:36:62:Infinity":8,"s:63:44:63:Infinity":9,"s:64:29:64:Infinity":10,"s:65:58:65:Infinity":11,"s:67:26:67:Infinity":12,"s:68:38:68:Infinity":13,"s:69:46:69:Infinity":14,"s:70:38:70:Infinity":15,"s:72:2:74:Infinity":16,"f:72:12:72:18":2,"b:73:4:73:Infinity:undefined:undefined:undefined:undefined":0,"s:73:4:73:Infinity":17,"s:73:26:73:Infinity":18,"s:76:8:82:Infinity":19,"b:76:20:76:30:76:30:76:34":1,"f:76:41:76:42":3,"s:77:14:77:Infinity":20,"s:78:24:78:Infinity":21,"b:78:24:78:30:78:30:78:66:78:66:78:Infinity":2,"s:79:24:79:Infinity":22,"b:79:24:79:41:79:41:79:Infinity":3,"s:80:22:80:Infinity":23,"b:80:22:80:43:80:43:80:Infinity":4,"s:81:4:81:Infinity":24,"b:81:11:81:26:81:26:81:41:81:41:81:Infinity":5,"s:84:17:84:Infinity":25,"s:85:20:85:Infinity":26,"s:87:23:91:Infinity":27,"f:87:23:87:35":4,"b:88:4:88:Infinity:undefined:undefined:undefined:undefined":6,"s:88:4:88:Infinity":28,"s:88:23:88:Infinity":29,"s:89:4:89:Infinity":30,"s:90:4:90:Infinity":31,"s:93:2:314:Infinity":32,"f:123:22:123:23":5,"s:124:14:124:Infinity":33,"s:125:14:125:Infinity":34,"f:141:22:141:23":6,"s:142:14:142:Infinity":35,"s:143:14:143:Infinity":36,"f:147:31:147:32":7,"s:148:14:150:Infinity":37,"f:158:22:158:23":8,"s:159:14:159:Infinity":38,"s:160:14:160:Infinity":39,"f:164:35:164:36":9,"s:165:14:167:Infinity":40,"f:177:27:177:28":10,"s:178:16:200:Infinity":41,"b:184:26:184:Infinity:185:26:185:Infinity":7,"b:183:22:183:44:183:44:183:Infinity":8,"b:190:52:190:60:190:60:190:Infinity":9,"b:194:21:194:Infinity:195:22:197:Infinity":10,"b:196:44:196:60:196:60:196:Infinity":11,"b:205:13:205:Infinity:206:14:224:Infinity":12,"f:206:43:206:44":11,"s:207:16:223:Infinity":42,"b:225:13:225:Infinity:226:14:230:Infinity":13,"b:227:47:227:51:227:51:227:54":14,"b:232:13:232:27:232:27:232:39:232:39:232:Infinity:233:14:239:Infinity":15,"b:234:47:234:51:234:51:234:54":16,"b:236:22:236:Infinity:237:22:237:Infinity":17,"f:241:27:241:28":12,"s:242:14:287:Infinity":43,"f:249:29:249:30":13,"s:249:36:249:40":44,"b:257:23:257:Infinity:258:24:260:Infinity":18,"b:269:20:277:Infinity:279:20:284:Infinity":19,"b:280:55:280:65:280:65:280:Infinity":20,"b:281:55:281:67:281:67:281:Infinity":21,"f:296:24:296:25":14,"s:296:40:296:Infinity":45,"f:297:31:297:32":15,"s:298:12:298:Infinity":46,"s:299:12:299:Infinity":47,"b:302:39:302:44:302:44:302:Infinity":22,"f:303:30:303:31":16,"s:303:55:303:Infinity":48,"b:309:19:309:41:309:41:309:Infinity":23,"f:311:18:311:24":17,"s:311:24:311:Infinity":49}}}
,"C:\\Users\\PICHAU\\Documents\\Projetos\\Wellington\\flugo-employees\\src\\components\\form\\flugo-select.tsx": {"path":"C:\\Users\\PICHAU\\Documents\\Projetos\\Wellington\\flugo-employees\\src\\components\\form\\flugo-select.tsx","statementMap":{"0":{"start":{"line":8,"column":13},"end":{"line":31,"column":null}},"1":{"start":{"line":9,"column":2},"end":{"line":29,"column":null}},"2":{"start":{"line":21,"column":22},"end":{"line":21,"column":null}},"3":{"start":{"line":22,"column":22},"end":{"line":22,"column":null}},"4":{"start":{"line":23,"column":8},"end":{"line":26,"column":null}},"5":{"start":{"line":33,"column":0},"end":{"line":33,"column":null}}},"fnMap":{"0":{"name":"(anonymous_0)","decl":{"start":{"line":8,"column":72},"end":{"line":8,"column":73}},"loc":{"start":{"line":8,"column":104},"end":{"line":31,"column":1}},"line":8},"1":{"name":"(anonymous_1)","decl":{"start":{"line":20,"column":19},"end":{"line":20,"column":20}},"loc":{"start":{"line":20,"column":31},"end":{"line":28,"column":7}},"line":20}},"branchMap":{"0":{"loc":{"start":{"line":21,"column":22},"end":{"line":21,"column":null}},"type":"cond-expr","locations":[{"start":{"line":21,"column":51},"end":{"line":21,"column":60}},{"start":{"line":21,"column":60},"end":{"line":21,"column":null}}],"line":21},"1":{"loc":{"start":{"line":22,"column":22},"end":{"line":22,"column":null}},"type":"cond-expr","locations":[{"start":{"line":22,"column":51},"end":{"line":22,"column":60}},{"start":{"line":22,"column":60},"end":{"line":22,"column":null}}],"line":22}},"s":{"0":1,"1":4,"2":16,"3":16,"4":16,"5":1},"f":{"0":4,"1":16},"b":{"0":[16,0],"1":[16,0]},"meta":{"lastBranch":2,"lastFunction":2,"lastStatement":6,"seen":{"s:8:13:31:Infinity":0,"f:8:72:8:73":0,"s:9:2:29:Infinity":1,"f:20:19:20:20":1,"s:21:22:21:Infinity":2,"b:21:51:21:60:21:60:21:Infinity":0,"s:22:22:22:Infinity":3,"b:22:51:22:60:22:60:22:Infinity":1,"s:23:8:26:Infinity":4,"s:33:0:33:Infinity":5}}}
,"C:\\Users\\PICHAU\\Documents\\Projetos\\Wellington\\flugo-employees\\src\\components\\form\\flugo-text-field.tsx": {"path":"C:\\Users\\PICHAU\\Documents\\Projetos\\Wellington\\flugo-employees\\src\\components\\form\\flugo-text-field.tsx","statementMap":{"0":{"start":{"line":4,"column":13},"end":{"line":23,"column":null}},"1":{"start":{"line":5,"column":2},"end":{"line":21,"column":null}},"2":{"start":{"line":25,"column":0},"end":{"line":25,"column":null}}},"fnMap":{"0":{"name":"(anonymous_0)","decl":{"start":{"line":4,"column":73},"end":{"line":4,"column":74}},"loc":{"start":{"line":4,"column":89},"end":{"line":23,"column":1}},"line":4}},"branchMap":{},"s":{"0":1,"1":8,"2":1},"f":{"0":8},"b":{},"meta":{"lastBranch":0,"lastFunction":1,"lastStatement":3,"seen":{"s:4:13:23:Infinity":0,"f:4:73:4:74":0,"s:5:2:21:Infinity":1,"s:25:0:25:Infinity":2}}}
,"C:\\Users\\PICHAU\\Documents\\Projetos\\Wellington\\flugo-employees\\src\\features\\staff\\hooks.ts": {"path":"C:\\Users\\PICHAU\\Documents\\Projetos\\Wellington\\flugo-employees\\src\\features\\staff\\hooks.ts","statementMap":{"0":{"start":{"line":9,"column":2},"end":{"line":12,"column":null}},"1":{"start":{"line":16,"column":2},"end":{"line":39,"column":null}},"2":{"start":{"line":17,"column":17},"end":{"line":17,"column":null}},"3":{"start":{"line":19,"column":6},"end":{"line":19,"column":null}},"4":{"start":{"line":20,"column":29},"end":{"line":20,"column":null}},"5":{"start":{"line":22,"column":6},"end":{"line":29,"column":null}},"6":{"start":{"line":23,"column":39},"end":{"line":27,"column":null}},"7":{"start":{"line":28,"column":8},"end":{"line":28,"column":null}},"8":{"start":{"line":31,"column":6},"end":{"line":31,"column":null}},"9":{"start":{"line":34,"column":6},"end":{"line":34,"column":null}},"10":{"start":{"line":37,"column":6},"end":{"line":37,"column":null}},"11":{"start":{"line":43,"column":2},"end":{"line":48,"column":null}},"12":{"start":{"line":44,"column":28},"end":{"line":44,"column":null}},"13":{"start":{"line":46,"column":6},"end":{"line":46,"column":null}},"14":{"start":{"line":52,"column":2},"end":{"line":57,"column":null}},"15":{"start":{"line":53,"column":17},"end":{"line":53,"column":null}},"16":{"start":{"line":55,"column":6},"end":{"line":55,"column":null}},"17":{"start":{"line":61,"column":8},"end":{"line":61,"column":null}},"18":{"start":{"line":62,"column":23},"end":{"line":62,"column":null}},"19":{"start":{"line":64,"column":15},"end":{"line":76,"column":null}},"20":{"start":{"line":65,"column":4},"end":{"line":65,"column":null}},"21":{"start":{"line":65,"column":28},"end":{"line":65,"column":null}},"22":{"start":{"line":66,"column":20},"end":{"line":66,"column":null}},"23":{"start":{"line":68,"column":4},"end":{"line":71,"column":null}},"24":{"start":{"line":69,"column":17},"end":{"line":69,"column":null}},"25":{"start":{"line":70,"column":6},"end":{"line":70,"column":null}},"26":{"start":{"line":70,"column":14},"end":{"line":70,"column":null}},"27":{"start":{"line":73,"column":4},"end":{"line":75,"column":null}},"28":{"start":{"line":74,"column":6},"end":{"line":74,"column":null}},"29":{"start":{"line":78,"column":2},"end":{"line":78,"column":null}}},"fnMap":{"0":{"name":"useStaffs","decl":{"start":{"line":8,"column":16},"end":{"line":8,"column":28}},"loc":{"start":{"line":8,"column":28},"end":{"line":13,"column":null}},"line":8},"1":{"name":"useCreateStaff","decl":{"start":{"line":15,"column":16},"end":{"line":15,"column":33}},"loc":{"start":{"line":15,"column":33},"end":{"line":40,"column":null}},"line":15},"2":{"name":"(anonymous_2)","decl":{"start":{"line":17,"column":16},"end":{"line":17,"column":17}},"loc":{"start":{"line":17,"column":17},"end":{"line":17,"column":null}},"line":17},"3":{"name":"(anonymous_3)","decl":{"start":{"line":18,"column":14},"end":{"line":18,"column":21}},"loc":{"start":{"line":18,"column":34},"end":{"line":32,"column":null}},"line":18},"4":{"name":"(anonymous_4)","decl":{"start":{"line":22,"column":43},"end":{"line":22,"column":44}},"loc":{"start":{"line":22,"column":73},"end":{"line":29,"column":7}},"line":22},"5":{"name":"(anonymous_5)","decl":{"start":{"line":33,"column":13},"end":{"line":33,"column":14}},"loc":{"start":{"line":33,"column":43},"end":{"line":35,"column":null}},"line":33},"6":{"name":"(anonymous_6)","decl":{"start":{"line":36,"column":15},"end":{"line":36,"column":21}},"loc":{"start":{"line":36,"column":21},"end":{"line":38,"column":null}},"line":36},"7":{"name":"useUpdateStaff","decl":{"start":{"line":42,"column":16},"end":{"line":42,"column":33}},"loc":{"start":{"line":42,"column":33},"end":{"line":49,"column":null}},"line":42},"8":{"name":"(anonymous_8)","decl":{"start":{"line":44,"column":16},"end":{"line":44,"column":17}},"loc":{"start":{"line":44,"column":28},"end":{"line":44,"column":null}},"line":44},"9":{"name":"(anonymous_9)","decl":{"start":{"line":45,"column":15},"end":{"line":45,"column":21}},"loc":{"start":{"line":45,"column":21},"end":{"line":47,"column":null}},"line":45},"10":{"name":"useDeleteStaff","decl":{"start":{"line":51,"column":16},"end":{"line":51,"column":33}},"loc":{"start":{"line":51,"column":33},"end":{"line":58,"column":null}},"line":51},"11":{"name":"(anonymous_11)","decl":{"start":{"line":53,"column":16},"end":{"line":53,"column":17}},"loc":{"start":{"line":53,"column":17},"end":{"line":53,"column":null}},"line":53},"12":{"name":"(anonymous_12)","decl":{"start":{"line":54,"column":15},"end":{"line":54,"column":21}},"loc":{"start":{"line":54,"column":21},"end":{"line":56,"column":null}},"line":54},"13":{"name":"useSyncPending","decl":{"start":{"line":60,"column":16},"end":{"line":60,"column":33}},"loc":{"start":{"line":60,"column":33},"end":{"line":79,"column":null}},"line":60},"14":{"name":"(anonymous_14)","decl":{"start":{"line":64,"column":15},"end":{"line":64,"column":27}},"loc":{"start":{"line":64,"column":27},"end":{"line":76,"column":null}},"line":64}},"branchMap":{"0":{"loc":{"start":{"line":28,"column":15},"end":{"line":28,"column":null}},"type":"cond-expr","locations":[{"start":{"line":28,"column":21},"end":{"line":28,"column":49}},{"start":{"line":28,"column":49},"end":{"line":28,"column":null}}],"line":28},"1":{"loc":{"start":{"line":65,"column":4},"end":{"line":65,"column":null}},"type":"if","locations":[{"start":{"line":65,"column":4},"end":{"line":65,"column":null}},{"start":{},"end":{}}],"line":65},"2":{"loc":{"start":{"line":70,"column":6},"end":{"line":70,"column":null}},"type":"if","locations":[{"start":{"line":70,"column":6},"end":{"line":70,"column":null}},{"start":{},"end":{}}],"line":70},"3":{"loc":{"start":{"line":73,"column":4},"end":{"line":75,"column":null}},"type":"if","locations":[{"start":{"line":73,"column":4},"end":{"line":75,"column":null}},{"start":{},"end":{}}],"line":73}},"s":{"0":2,"1":2,"2":1,"3":1,"4":1,"5":1,"6":1,"7":1,"8":1,"9":0,"10":1,"11":0,"12":0,"13":0,"14":0,"15":0,"16":0,"17":2,"18":2,"19":2,"20":1,"21":0,"22":1,"23":1,"24":2,"25":2,"26":2,"27":1,"28":1,"29":2},"f":{"0":2,"1":2,"2":1,"3":1,"4":1,"5":0,"6":1,"7":0,"8":0,"9":0,"10":0,"11":0,"12":0,"13":2,"14":1},"b":{"0":[0,1],"1":[0,1],"2":[2,0],"3":[1,0]},"meta":{"lastBranch":4,"lastFunction":15,"lastStatement":30,"seen":{"f:8:16:8:28":0,"s:9:2:12:Infinity":0,"f:15:16:15:33":1,"s:16:2:39:Infinity":1,"f:17:16:17:17":2,"s:17:17:17:Infinity":2,"f:18:14:18:21":3,"s:19:6:19:Infinity":3,"s:20:29:20:Infinity":4,"s:22:6:29:Infinity":5,"f:22:43:22:44":4,"s:23:39:27:Infinity":6,"s:28:8:28:Infinity":7,"b:28:21:28:49:28:49:28:Infinity":0,"s:31:6:31:Infinity":8,"f:33:13:33:14":5,"s:34:6:34:Infinity":9,"f:36:15:36:21":6,"s:37:6:37:Infinity":10,"f:42:16:42:33":7,"s:43:2:48:Infinity":11,"f:44:16:44:17":8,"s:44:28:44:Infinity":12,"f:45:15:45:21":9,"s:46:6:46:Infinity":13,"f:51:16:51:33":10,"s:52:2:57:Infinity":14,"f:53:16:53:17":11,"s:53:17:53:Infinity":15,"f:54:15:54:21":12,"s:55:6:55:Infinity":16,"f:60:16:60:33":13,"s:61:8:61:Infinity":17,"s:62:23:62:Infinity":18,"s:64:15:76:Infinity":19,"f:64:15:64:27":14,"b:65:4:65:Infinity:undefined:undefined:undefined:undefined":1,"s:65:4:65:Infinity":20,"s:65:28:65:Infinity":21,"s:66:20:66:Infinity":22,"s:68:4:71:Infinity":23,"s:69:17:69:Infinity":24,"b:70:6:70:Infinity:undefined:undefined:undefined:undefined":2,"s:70:6:70:Infinity":25,"s:70:14:70:Infinity":26,"b:73:4:75:Infinity:undefined:undefined:undefined:undefined":3,"s:73:4:75:Infinity":27,"s:74:6:74:Infinity":28,"s:78:2:78:Infinity":29}}}
,"C:\\Users\\PICHAU\\Documents\\Projetos\\Wellington\\flugo-employees\\src\\features\\staff\\validation.ts": {"path":"C:\\Users\\PICHAU\\Documents\\Projetos\\Wellington\\flugo-employees\\src\\features\\staff\\validation.ts","statementMap":{"0":{"start":{"line":3,"column":27},"end":{"line":8,"column":null}},"1":{"start":{"line":10,"column":27},"end":{"line":22,"column":null}}},"fnMap":{},"branchMap":{},"s":{"0":3,"1":3},"f":{},"b":{},"meta":{"lastBranch":0,"lastFunction":0,"lastStatement":2,"seen":{"s:3:27:8:Infinity":0,"s:10:27:22:Infinity":1}}}
,"C:\\Users\\PICHAU\\Documents\\Projetos\\Wellington\\flugo-employees\\src\\helpers\\table-sorting.ts": {"path":"C:\\Users\\PICHAU\\Documents\\Projetos\\Wellington\\flugo-employees\\src\\helpers\\table-sorting.ts","statementMap":{"0":{"start":{"line":6,"column":2},"end":{"line":12,"column":null}},"1":{"start":{"line":7,"column":17},"end":{"line":7,"column":null}},"2":{"start":{"line":8,"column":17},"end":{"line":8,"column":null}},"3":{"start":{"line":9,"column":4},"end":{"line":9,"column":null}},"4":{"start":{"line":9,"column":21},"end":{"line":9,"column":null}},"5":{"start":{"line":10,"column":4},"end":{"line":10,"column":null}},"6":{"start":{"line":10,"column":21},"end":{"line":10,"column":null}},"7":{"start":{"line":11,"column":4},"end":{"line":11,"column":null}}},"fnMap":{"0":{"name":"getComparator","decl":{"start":{"line":5,"column":16},"end":{"line":5,"column":30}},"loc":{"start":{"line":5,"column":66},"end":{"line":13,"column":null}},"line":5},"1":{"name":"(anonymous_1)","decl":{"start":{"line":6,"column":9},"end":{"line":6,"column":10}},"loc":{"start":{"line":6,"column":33},"end":{"line":12,"column":null}},"line":6}},"branchMap":{"0":{"loc":{"start":{"line":7,"column":17},"end":{"line":7,"column":null}},"type":"binary-expr","locations":[{"start":{"line":7,"column":17},"end":{"line":7,"column":31}},{"start":{"line":7,"column":31},"end":{"line":7,"column":null}}],"line":7},"1":{"loc":{"start":{"line":8,"column":17},"end":{"line":8,"column":null}},"type":"binary-expr","locations":[{"start":{"line":8,"column":17},"end":{"line":8,"column":31}},{"start":{"line":8,"column":31},"end":{"line":8,"column":null}}],"line":8},"2":{"loc":{"start":{"line":9,"column":4},"end":{"line":9,"column":null}},"type":"if","locations":[{"start":{"line":9,"column":4},"end":{"line":9,"column":null}},{"start":{},"end":{}}],"line":9},"3":{"loc":{"start":{"line":9,"column":28},"end":{"line":9,"column":null}},"type":"cond-expr","locations":[{"start":{"line":9,"column":47},"end":{"line":9,"column":52}},{"start":{"line":9,"column":52},"end":{"line":9,"column":null}}],"line":9},"4":{"loc":{"start":{"line":10,"column":4},"end":{"line":10,"column":null}},"type":"if","locations":[{"start":{"line":10,"column":4},"end":{"line":10,"column":null}},{"start":{},"end":{}}],"line":10},"5":{"loc":{"start":{"line":10,"column":28},"end":{"line":10,"column":null}},"type":"cond-expr","locations":[{"start":{"line":10,"column":47},"end":{"line":10,"column":51}},{"start":{"line":10,"column":51},"end":{"line":10,"column":null}}],"line":10}},"s":{"0":9,"1":7,"2":7,"3":7,"4":3,"5":4,"6":4,"7":2},"f":{"0":9,"1":7},"b":{"0":[7,1],"1":[7,1],"2":[3,4],"3":[1,2],"4":[2,2],"5":[1,1]},"meta":{"lastBranch":6,"lastFunction":2,"lastStatement":8,"seen":{"f:5:16:5:30":0,"s:6:2:12:Infinity":0,"f:6:9:6:10":1,"s:7:17:7:Infinity":1,"b:7:17:7:31:7:31:7:Infinity":0,"s:8:17:8:Infinity":2,"b:8:17:8:31:8:31:8:Infinity":1,"b:9:4:9:Infinity:undefined:undefined:undefined:undefined":2,"s:9:4:9:Infinity":3,"s:9:21:9:Infinity":4,"b:9:47:9:52:9:52:9:Infinity":3,"b:10:4:10:Infinity:undefined:undefined:undefined:undefined":4,"s:10:4:10:Infinity":5,"s:10:21:10:Infinity":6,"b:10:47:10:51:10:51:10:Infinity":5,"s:11:4:11:Infinity":7}}}
,"C:\\Users\\PICHAU\\Documents\\Projetos\\Wellington\\flugo-employees\\src\\hooks\\use-sort-table.ts": {"path":"C:\\Users\\PICHAU\\Documents\\Projetos\\Wellington\\flugo-employees\\src\\hooks\\use-sort-table.ts","statementMap":{"0":{"start":{"line":7,"column":24},"end":{"line":7,"column":null}},"1":{"start":{"line":8,"column":28},"end":{"line":8,"column":null}},"2":{"start":{"line":10,"column":28},"end":{"line":15,"column":null}},"3":{"start":{"line":10,"column":53},"end":{"line":15,"column":null}},"4":{"start":{"line":11,"column":18},"end":{"line":11,"column":null}},"5":{"start":{"line":12,"column":4},"end":{"line":12,"column":null}},"6":{"start":{"line":13,"column":4},"end":{"line":13,"column":null}},"7":{"start":{"line":14,"column":4},"end":{"line":14,"column":null}},"8":{"start":{"line":17,"column":2},"end":{"line":17,"column":null}}},"fnMap":{"0":{"name":"useSortTable","decl":{"start":{"line":6,"column":16},"end":{"line":6,"column":29}},"loc":{"start":{"line":6,"column":106},"end":{"line":18,"column":null}},"line":6},"1":{"name":"(anonymous_1)","decl":{"start":{"line":10,"column":28},"end":{"line":10,"column":29}},"loc":{"start":{"line":10,"column":53},"end":{"line":15,"column":null}},"line":10},"2":{"name":"(anonymous_2)","decl":{"start":{"line":10,"column":53},"end":{"line":10,"column":59}},"loc":{"start":{"line":10,"column":59},"end":{"line":15,"column":null}},"line":10}},"branchMap":{"0":{"loc":{"start":{"line":6,"column":29},"end":{"line":6,"column":67}},"type":"default-arg","locations":[{"start":{"line":6,"column":59},"end":{"line":6,"column":67}}],"line":6},"1":{"loc":{"start":{"line":11,"column":18},"end":{"line":11,"column":null}},"type":"binary-expr","locations":[{"start":{"line":11,"column":18},"end":{"line":11,"column":40}},{"start":{"line":11,"column":40},"end":{"line":11,"column":null}}],"line":11},"2":{"loc":{"start":{"line":12,"column":13},"end":{"line":12,"column":35}},"type":"cond-expr","locations":[{"start":{"line":12,"column":21},"end":{"line":12,"column":30}},{"start":{"line":12,"column":30},"end":{"line":12,"column":35}}],"line":12}},"s":{"0":17,"1":17,"2":17,"3":22,"4":6,"5":6,"6":6,"7":6,"8":17},"f":{"0":17,"1":22,"2":6},"b":{"0":[17],"1":[6,4],"2":[3,3]},"meta":{"lastBranch":3,"lastFunction":3,"lastStatement":9,"seen":{"f:6:16:6:29":0,"b:6:59:6:67":0,"s:7:24:7:Infinity":0,"s:8:28:8:Infinity":1,"s:10:28:15:Infinity":2,"f:10:28:10:29":1,"s:10:53:15:Infinity":3,"f:10:53:10:59":2,"s:11:18:11:Infinity":4,"b:11:18:11:40:11:40:11:Infinity":1,"s:12:4:12:Infinity":5,"b:12:21:12:30:12:30:12:35":2,"s:13:4:13:Infinity":6,"s:14:4:14:Infinity":7,"s:17:2:17:Infinity":8}}}
,"C:\\Users\\PICHAU\\Documents\\Projetos\\Wellington\\flugo-employees\\src\\libs\\tanstack-query.ts": {"path":"C:\\Users\\PICHAU\\Documents\\Projetos\\Wellington\\flugo-employees\\src\\libs\\tanstack-query.ts","statementMap":{"0":{"start":{"line":3,"column":27},"end":{"line":12,"column":null}},"1":{"start":{"line":7,"column":31},"end":{"line":7,"column":null}}},"fnMap":{"0":{"name":"(anonymous_0)","decl":{"start":{"line":7,"column":18},"end":{"line":7,"column":19}},"loc":{"start":{"line":7,"column":31},"end":{"line":7,"column":null}},"line":7}},"branchMap":{},"s":{"0":1,"1":0},"f":{"0":0},"b":{},"meta":{"lastBranch":0,"lastFunction":1,"lastStatement":2,"seen":{"s:3:27:12:Infinity":0,"f:7:18:7:19":0,"s:7:31:7:Infinity":1}}}
,"C:\\Users\\PICHAU\\Documents\\Projetos\\Wellington\\flugo-employees\\src\\services\\local-storage.ts": {"path":"C:\\Users\\PICHAU\\Documents\\Projetos\\Wellington\\flugo-employees\\src\\services\\local-storage.ts","statementMap":{"0":{"start":{"line":4,"column":15},"end":{"line":4,"column":null}},"1":{"start":{"line":7,"column":2},"end":{"line":7,"column":null}},"2":{"start":{"line":11,"column":2},"end":{"line":22,"column":null}},"3":{"start":{"line":12,"column":16},"end":{"line":12,"column":null}},"4":{"start":{"line":13,"column":25},"end":{"line":13,"column":null}},"5":{"start":{"line":14,"column":17},"end":{"line":14,"column":null}},"6":{"start":{"line":15,"column":4},"end":{"line":19,"column":null}},"7":{"start":{"line":16,"column":6},"end":{"line":16,"column":null}},"8":{"start":{"line":16,"column":29},"end":{"line":16,"column":null}},"9":{"start":{"line":17,"column":6},"end":{"line":17,"column":null}},"10":{"start":{"line":18,"column":6},"end":{"line":18,"column":null}},"11":{"start":{"line":21,"column":4},"end":{"line":21,"column":null}},"12":{"start":{"line":26,"column":18},"end":{"line":26,"column":null}},"13":{"start":{"line":26,"column":49},"end":{"line":26,"column":71}},"14":{"start":{"line":27,"column":18},"end":{"line":27,"column":null}},"15":{"start":{"line":28,"column":23},"end":{"line":33,"column":null}},"16":{"start":{"line":34,"column":2},"end":{"line":34,"column":null}},"17":{"start":{"line":35,"column":2},"end":{"line":35,"column":null}},"18":{"start":{"line":39,"column":18},"end":{"line":39,"column":null}},"19":{"start":{"line":40,"column":2},"end":{"line":40,"column":null}},"20":{"start":{"line":40,"column":68},"end":{"line":40,"column":90}},"21":{"start":{"line":44,"column":18},"end":{"line":44,"column":null}},"22":{"start":{"line":45,"column":2},"end":{"line":45,"column":null}},"23":{"start":{"line":45,"column":68},"end":{"line":45,"column":85}}},"fnMap":{"0":{"name":"shortId","decl":{"start":{"line":6,"column":9},"end":{"line":6,"column":19}},"loc":{"start":{"line":6,"column":19},"end":{"line":8,"column":null}},"line":6},"1":{"name":"getPendingStaffs","decl":{"start":{"line":10,"column":16},"end":{"line":10,"column":44}},"loc":{"start":{"line":10,"column":44},"end":{"line":23,"column":null}},"line":10},"2":{"name":"(anonymous_2)","decl":{"start":{"line":15,"column":22},"end":{"line":15,"column":27}},"loc":{"start":{"line":15,"column":27},"end":{"line":19,"column":5}},"line":15},"3":{"name":"addPendingStaff","decl":{"start":{"line":25,"column":16},"end":{"line":25,"column":32}},"loc":{"start":{"line":25,"column":58},"end":{"line":36,"column":null}},"line":25},"4":{"name":"(anonymous_4)","decl":{"start":{"line":26,"column":44},"end":{"line":26,"column":49}},"loc":{"start":{"line":26,"column":49},"end":{"line":26,"column":71}},"line":26},"5":{"name":"removePendingStaff","decl":{"start":{"line":38,"column":16},"end":{"line":38,"column":35}},"loc":{"start":{"line":38,"column":52},"end":{"line":41,"column":null}},"line":38},"6":{"name":"(anonymous_6)","decl":{"start":{"line":40,"column":61},"end":{"line":40,"column":62}},"loc":{"start":{"line":40,"column":68},"end":{"line":40,"column":90}},"line":40},"7":{"name":"removePendingByEmail","decl":{"start":{"line":43,"column":16},"end":{"line":43,"column":37}},"loc":{"start":{"line":43,"column":52},"end":{"line":46,"column":null}},"line":43},"8":{"name":"(anonymous_8)","decl":{"start":{"line":45,"column":61},"end":{"line":45,"column":62}},"loc":{"start":{"line":45,"column":68},"end":{"line":45,"column":85}},"line":45}},"branchMap":{"0":{"loc":{"start":{"line":13,"column":25},"end":{"line":13,"column":null}},"type":"cond-expr","locations":[{"start":{"line":13,"column":31},"end":{"line":13,"column":49}},{"start":{"line":13,"column":49},"end":{"line":13,"column":null}}],"line":13},"1":{"loc":{"start":{"line":16,"column":6},"end":{"line":16,"column":null}},"type":"if","locations":[{"start":{"line":16,"column":6},"end":{"line":16,"column":null}},{"start":{},"end":{}}],"line":16}},"s":{"0":1,"1":17,"2":35,"3":35,"4":35,"5":35,"6":35,"7":24,"8":0,"9":24,"10":24,"11":1,"12":17,"13":6,"14":17,"15":17,"16":17,"17":17,"18":3,"19":3,"20":4,"21":3,"22":3,"23":4},"f":{"0":17,"1":35,"2":24,"3":17,"4":6,"5":3,"6":4,"7":3,"8":4},"b":{"0":[23,12],"1":[0,24]},"meta":{"lastBranch":2,"lastFunction":9,"lastStatement":24,"seen":{"s:4:15:4:Infinity":0,"f:6:9:6:19":0,"s:7:2:7:Infinity":1,"f:10:16:10:44":1,"s:11:2:22:Infinity":2,"s:12:16:12:Infinity":3,"s:13:25:13:Infinity":4,"b:13:31:13:49:13:49:13:Infinity":0,"s:14:17:14:Infinity":5,"s:15:4:19:Infinity":6,"f:15:22:15:27":2,"b:16:6:16:Infinity:undefined:undefined:undefined:undefined":1,"s:16:6:16:Infinity":7,"s:16:29:16:Infinity":8,"s:17:6:17:Infinity":9,"s:18:6:18:Infinity":10,"s:21:4:21:Infinity":11,"f:25:16:25:32":3,"s:26:18:26:Infinity":12,"f:26:44:26:49":4,"s:26:49:26:71":13,"s:27:18:27:Infinity":14,"s:28:23:33:Infinity":15,"s:34:2:34:Infinity":16,"s:35:2:35:Infinity":17,"f:38:16:38:35":5,"s:39:18:39:Infinity":18,"s:40:2:40:Infinity":19,"f:40:61:40:62":6,"s:40:68:40:90":20,"f:43:16:43:37":7,"s:44:18:44:Infinity":21,"s:45:2:45:Infinity":22,"f:45:61:45:62":8,"s:45:68:45:85":23}}}
,"C:\\Users\\PICHAU\\Documents\\Projetos\\Wellington\\flugo-employees\\src\\services\\staffs.ts": {"path":"C:\\Users\\PICHAU\\Documents\\Projetos\\Wellington\\flugo-employees\\src\\services\\staffs.ts","statementMap":{"0":{"start":{"line":7,"column":6},"end":{"line":7,"column":null}},"1":{"start":{"line":10,"column":18},"end":{"line":12,"column":null}},"2":{"start":{"line":11,"column":4},"end":{"line":11,"column":null}},"3":{"start":{"line":11,"column":21},"end":{"line":11,"column":82}},"4":{"start":{"line":13,"column":2},"end":{"line":13,"column":null}},"5":{"start":{"line":17,"column":2},"end":{"line":17,"column":null}},"6":{"start":{"line":17,"column":29},"end":{"line":17,"column":null}},"7":{"start":{"line":18,"column":2},"end":{"line":29,"column":null}},"8":{"start":{"line":19,"column":10},"end":{"line":19,"column":null}},"9":{"start":{"line":20,"column":16},"end":{"line":20,"column":null}},"10":{"start":{"line":21,"column":4},"end":{"line":26,"column":null}},"11":{"start":{"line":28,"column":4},"end":{"line":28,"column":null}},"12":{"start":{"line":33,"column":8},"end":{"line":33,"column":null}},"13":{"start":{"line":34,"column":2},"end":{"line":34,"column":null}},"14":{"start":{"line":34,"column":29},"end":{"line":34,"column":null}},"15":{"start":{"line":36,"column":2},"end":{"line":51,"column":null}},"16":{"start":{"line":37,"column":21},"end":{"line":37,"column":null}},"17":{"start":{"line":38,"column":25},"end":{"line":38,"column":null}},"18":{"start":{"line":38,"column":51},"end":{"line":38,"column":90}},"19":{"start":{"line":40,"column":24},"end":{"line":40,"column":null}},"20":{"start":{"line":40,"column":55},"end":{"line":40,"column":59}},"21":{"start":{"line":41,"column":25},"end":{"line":41,"column":null}},"22":{"start":{"line":41,"column":45},"end":{"line":41,"column":70}},"23":{"start":{"line":43,"column":4},"end":{"line":45,"column":null}},"24":{"start":{"line":44,"column":6},"end":{"line":44,"column":null}},"25":{"start":{"line":47,"column":4},"end":{"line":47,"column":null}},"26":{"start":{"line":49,"column":4},"end":{"line":49,"column":null}},"27":{"start":{"line":50,"column":4},"end":{"line":50,"column":null}},"28":{"start":{"line":55,"column":2},"end":{"line":58,"column":null}},"29":{"start":{"line":56,"column":4},"end":{"line":56,"column":null}},"30":{"start":{"line":57,"column":4},"end":{"line":57,"column":null}},"31":{"start":{"line":60,"column":2},"end":{"line":74,"column":null}},"32":{"start":{"line":61,"column":10},"end":{"line":61,"column":null}},"33":{"start":{"line":62,"column":4},"end":{"line":62,"column":null}},"34":{"start":{"line":64,"column":4},"end":{"line":64,"column":null}},"35":{"start":{"line":65,"column":4},"end":{"line":65,"column":null}},"36":{"start":{"line":67,"column":18},"end":{"line":67,"column":null}},"37":{"start":{"line":68,"column":4},"end":{"line":68,"column":null}},"38":{"start":{"line":70,"column":4},"end":{"line":70,"column":null}},"39":{"start":{"line":72,"column":4},"end":{"line":72,"column":null}},"40":{"start":{"line":73,"column":4},"end":{"line":73,"column":null}},"41":{"start":{"line":78,"column":2},"end":{"line":78,"column":null}},"42":{"start":{"line":78,"column":29},"end":{"line":78,"column":null}},"43":{"start":{"line":80,"column":2},"end":{"line":99,"column":null}},"44":{"start":{"line":81,"column":10},"end":{"line":81,"column":null}},"45":{"start":{"line":82,"column":20},"end":{"line":82,"column":null}},"46":{"start":{"line":84,"column":4},"end":{"line":87,"column":null}},"47":{"start":{"line":85,"column":6},"end":{"line":85,"column":null}},"48":{"start":{"line":86,"column":6},"end":{"line":86,"column":null}},"49":{"start":{"line":90,"column":55},"end":{"line":90,"column":null}},"50":{"start":{"line":91,"column":4},"end":{"line":91,"column":null}},"51":{"start":{"line":93,"column":4},"end":{"line":93,"column":null}},"52":{"start":{"line":94,"column":4},"end":{"line":94,"column":null}},"53":{"start":{"line":96,"column":18},"end":{"line":96,"column":null}},"54":{"start":{"line":97,"column":4},"end":{"line":97,"column":null}},"55":{"start":{"line":98,"column":4},"end":{"line":98,"column":null}},"56":{"start":{"line":103,"column":8},"end":{"line":103,"column":null}},"57":{"start":{"line":104,"column":2},"end":{"line":104,"column":null}},"58":{"start":{"line":108,"column":8},"end":{"line":108,"column":null}},"59":{"start":{"line":109,"column":2},"end":{"line":109,"column":null}}},"fnMap":{"0":{"name":"withTimeout","decl":{"start":{"line":9,"column":9},"end":{"line":9,"column":24}},"loc":{"start":{"line":9,"column":69},"end":{"line":14,"column":null}},"line":9},"1":{"name":"(anonymous_1)","decl":{"start":{"line":10,"column":37},"end":{"line":10,"column":38}},"loc":{"start":{"line":11,"column":4},"end":{"line":11,"column":null}},"line":11},"2":{"name":"(anonymous_2)","decl":{"start":{"line":11,"column":15},"end":{"line":11,"column":21}},"loc":{"start":{"line":11,"column":21},"end":{"line":11,"column":82}},"line":11},"3":{"name":"logRemoteError","decl":{"start":{"line":16,"column":15},"end":{"line":16,"column":30}},"loc":{"start":{"line":16,"column":63},"end":{"line":30,"column":null}},"line":16},"4":{"name":"listStaffs","decl":{"start":{"line":32,"column":22},"end":{"line":32,"column":53}},"loc":{"start":{"line":32,"column":53},"end":{"line":52,"column":null}},"line":32},"5":{"name":"(anonymous_5)","decl":{"start":{"line":38,"column":43},"end":{"line":38,"column":51}},"loc":{"start":{"line":38,"column":51},"end":{"line":38,"column":90}},"line":38},"6":{"name":"(anonymous_6)","decl":{"start":{"line":40,"column":50},"end":{"line":40,"column":55}},"loc":{"start":{"line":40,"column":55},"end":{"line":40,"column":59}},"line":40},"7":{"name":"(anonymous_7)","decl":{"start":{"line":41,"column":40},"end":{"line":41,"column":45}},"loc":{"start":{"line":41,"column":45},"end":{"line":41,"column":70}},"line":41},"8":{"name":"createStaff","decl":{"start":{"line":54,"column":22},"end":{"line":54,"column":34}},"loc":{"start":{"line":54,"column":99},"end":{"line":75,"column":null}},"line":54},"9":{"name":"(anonymous_9)","decl":{"start":{"line":72,"column":45},"end":{"line":72,"column":51}},"loc":{"start":{"line":72,"column":51},"end":{"line":72,"column":53}},"line":72},"10":{"name":"pushStaffToFirebase","decl":{"start":{"line":77,"column":22},"end":{"line":77,"column":42}},"loc":{"start":{"line":77,"column":74},"end":{"line":100,"column":null}},"line":77},"11":{"name":"updateStaff","decl":{"start":{"line":102,"column":22},"end":{"line":102,"column":34}},"loc":{"start":{"line":102,"column":80},"end":{"line":105,"column":null}},"line":102},"12":{"name":"deleteStaff","decl":{"start":{"line":107,"column":22},"end":{"line":107,"column":34}},"loc":{"start":{"line":107,"column":61},"end":{"line":110,"column":null}},"line":107}},"branchMap":{"0":{"loc":{"start":{"line":9,"column":45},"end":{"line":9,"column":69}},"type":"default-arg","locations":[{"start":{"line":9,"column":50},"end":{"line":9,"column":69}}],"line":9},"1":{"loc":{"start":{"line":17,"column":2},"end":{"line":17,"column":null}},"type":"if","locations":[{"start":{"line":17,"column":2},"end":{"line":17,"column":null}},{"start":{},"end":{}}],"line":17},"2":{"loc":{"start":{"line":23,"column":15},"end":{"line":23,"column":null}},"type":"binary-expr","locations":[{"start":{"line":23,"column":15},"end":{"line":23,"column":30}},{"start":{"line":23,"column":30},"end":{"line":23,"column":42}},{"start":{"line":23,"column":42},"end":{"line":23,"column":null}}],"line":23},"3":{"loc":{"start":{"line":34,"column":2},"end":{"line":34,"column":null}},"type":"if","locations":[{"start":{"line":34,"column":2},"end":{"line":34,"column":null}},{"start":{},"end":{}}],"line":34},"4":{"loc":{"start":{"line":43,"column":4},"end":{"line":45,"column":null}},"type":"if","locations":[{"start":{"line":43,"column":4},"end":{"line":45,"column":null}},{"start":{},"end":{}}],"line":43},"5":{"loc":{"start":{"line":55,"column":2},"end":{"line":58,"column":null}},"type":"if","locations":[{"start":{"line":55,"column":2},"end":{"line":58,"column":null}},{"start":{},"end":{}}],"line":55},"6":{"loc":{"start":{"line":73,"column":35},"end":{"line":73,"column":63}},"type":"binary-expr","locations":[{"start":{"line":73,"column":35},"end":{"line":73,"column":49}},{"start":{"line":73,"column":49},"end":{"line":73,"column":63}}],"line":73},"7":{"loc":{"start":{"line":78,"column":2},"end":{"line":78,"column":null}},"type":"if","locations":[{"start":{"line":78,"column":2},"end":{"line":78,"column":null}},{"start":{},"end":{}}],"line":78},"8":{"loc":{"start":{"line":84,"column":4},"end":{"line":87,"column":null}},"type":"if","locations":[{"start":{"line":84,"column":4},"end":{"line":87,"column":null}},{"start":{},"end":{}}],"line":84},"9":{"loc":{"start":{"line":91,"column":64},"end":{"line":91,"column":94}},"type":"binary-expr","locations":[{"start":{"line":91,"column":64},"end":{"line":91,"column":83}},{"start":{"line":91,"column":83},"end":{"line":91,"column":94}}],"line":91},"10":{"loc":{"start":{"line":97,"column":44},"end":{"line":97,"column":71}},"type":"binary-expr","locations":[{"start":{"line":97,"column":44},"end":{"line":97,"column":58}},{"start":{"line":97,"column":58},"end":{"line":97,"column":71}}],"line":97}},"s":{"0":1,"1":4,"2":4,"3":0,"4":4,"5":1,"6":0,"7":1,"8":1,"9":1,"10":1,"11":0,"12":3,"13":3,"14":1,"15":2,"16":2,"17":1,"18":1,"19":1,"20":1,"21":1,"22":1,"23":1,"24":0,"25":1,"26":1,"27":1,"28":3,"29":1,"30":1,"31":2,"32":2,"33":2,"34":1,"35":1,"36":1,"37":1,"38":1,"39":1,"40":1,"41":0,"42":0,"43":0,"44":0,"45":0,"46":0,"47":0,"48":0,"49":0,"50":0,"51":0,"52":0,"53":0,"54":0,"55":0,"56":0,"57":0,"58":0,"59":0},"f":{"0":4,"1":4,"2":0,"3":1,"4":3,"5":1,"6":1,"7":1,"8":3,"9":0,"10":0,"11":0,"12":0},"b":{"0":[4],"1":[0,1],"2":[1,0,0],"3":[1,2],"4":[0,1],"5":[1,2],"6":[1,1],"7":[0,0],"8":[0,0],"9":[0,0],"10":[0,0]},"meta":{"lastBranch":11,"lastFunction":13,"lastStatement":60,"seen":{"s:7:6:7:Infinity":0,"f:9:9:9:24":0,"b:9:50:9:69":0,"s:10:18:12:Infinity":1,"f:10:37:10:38":1,"s:11:4:11:Infinity":2,"f:11:15:11:21":2,"s:11:21:11:82":3,"s:13:2:13:Infinity":4,"f:16:15:16:30":3,"b:17:2:17:Infinity:undefined:undefined:undefined:undefined":1,"s:17:2:17:Infinity":5,"s:17:29:17:Infinity":6,"s:18:2:29:Infinity":7,"s:19:10:19:Infinity":8,"s:20:16:20:Infinity":9,"s:21:4:26:Infinity":10,"b:23:15:23:30:23:30:23:42:23:42:23:Infinity":2,"s:28:4:28:Infinity":11,"f:32:22:32:53":4,"s:33:8:33:Infinity":12,"b:34:2:34:Infinity:undefined:undefined:undefined:undefined":3,"s:34:2:34:Infinity":13,"s:34:29:34:Infinity":14,"s:36:2:51:Infinity":15,"s:37:21:37:Infinity":16,"s:38:25:38:Infinity":17,"f:38:43:38:51":5,"s:38:51:38:90":18,"s:40:24:40:Infinity":19,"f:40:50:40:55":6,"s:40:55:40:59":20,"s:41:25:41:Infinity":21,"f:41:40:41:45":7,"s:41:45:41:70":22,"b:43:4:45:Infinity:undefined:undefined:undefined:undefined":4,"s:43:4:45:Infinity":23,"s:44:6:44:Infinity":24,"s:47:4:47:Infinity":25,"s:49:4:49:Infinity":26,"s:50:4:50:Infinity":27,"f:54:22:54:34":8,"b:55:2:58:Infinity:undefined:undefined:undefined:undefined":5,"s:55:2:58:Infinity":28,"s:56:4:56:Infinity":29,"s:57:4:57:Infinity":30,"s:60:2:74:Infinity":31,"s:61:10:61:Infinity":32,"s:62:4:62:Infinity":33,"s:64:4:64:Infinity":34,"s:65:4:65:Infinity":35,"s:67:18:67:Infinity":36,"s:68:4:68:Infinity":37,"s:70:4:70:Infinity":38,"s:72:4:72:Infinity":39,"f:72:45:72:51":9,"s:73:4:73:Infinity":40,"b:73:35:73:49:73:49:73:63":6,"f:77:22:77:42":10,"b:78:2:78:Infinity:undefined:undefined:undefined:undefined":7,"s:78:2:78:Infinity":41,"s:78:29:78:Infinity":42,"s:80:2:99:Infinity":43,"s:81:10:81:Infinity":44,"s:82:20:82:Infinity":45,"b:84:4:87:Infinity:undefined:undefined:undefined:undefined":8,"s:84:4:87:Infinity":46,"s:85:6:85:Infinity":47,"s:86:6:86:Infinity":48,"s:90:55:90:Infinity":49,"s:91:4:91:Infinity":50,"b:91:64:91:83:91:83:91:94":9,"s:93:4:93:Infinity":51,"s:94:4:94:Infinity":52,"s:96:18:96:Infinity":53,"s:97:4:97:Infinity":54,"b:97:44:97:58:97:58:97:71":10,"s:98:4:98:Infinity":55,"f:102:22:102:34":11,"s:103:8:103:Infinity":56,"s:104:2:104:Infinity":57,"f:107:22:107:34":12,"s:108:8:108:Infinity":58,"s:109:2:109:Infinity":59}}}
}
